0 info it worked if it ends with ok
1 verbose cli [ 'C:\\Program Files\\nodejs\\node.exe',
1 verbose cli   'C:\\Program Files\\nodejs\\node_modules\\npm\\bin\\npm-cli.js',
1 verbose cli   'run',
1 verbose cli   'scss' ]
2 info using npm@3.10.8
3 info using node@v6.9.1
4 verbose run-script [ 'prescss', 'scss', 'postscss' ]
5 info lifecycle venue-coordinator@1.0.0~prescss: venue-coordinator@1.0.0
6 silly lifecycle venue-coordinator@1.0.0~prescss: no script for prescss, continuing
7 info lifecycle venue-coordinator@1.0.0~scss: venue-coordinator@1.0.0
8 verbose lifecycle venue-coordinator@1.0.0~scss: unsafe-perm in lifecycle true
9 verbose lifecycle venue-coordinator@1.0.0~scss: PATH: C:\Program Files\nodejs\node_modules\npm\bin\node-gyp-bin;C:\Users\Zach\webdev\freecodecamp\backend-api-projects\venue-coordinator\node_modules\.bin;C:\Python27\;C:\Python27\Scripts;C:\WINDOWS\system32;C:\WINDOWS;C:\WINDOWS\System32\Wbem;C:\WINDOWS\System32\WindowsPowerShell\v1.0\;C:\Program Files\Intel\WiFi\bin\;C:\Program Files\Common Files\Intel\WirelessCommon\;C:\Program Files\Git\cmd;C:\Program Files (x86)\Brackets\command;C:\Program Files\nodejs\;C:\Program Files (x86)\Heroku\bin;C:\Program Files (x86)\git\cmd;C:\Program Files (x86)\Git\cmd;C:\Program Files (x86)\Windows Kits\8.1\Windows Performance Toolkit\;C:\Users\Zach\AppData\Local\Microsoft\WindowsApps;C:\Program Files (x86)\Google\google_appengine\;C:\Users\Zach\AppData\Local\Google\Cloud SDK\google-cloud-sdk\bin;C:\Program Files (x86)\Microsoft VS Code\bin;C:\Users\Zach\AppData\Roaming\npm
10 verbose lifecycle venue-coordinator@1.0.0~scss: CWD: C:\Users\Zach\webdev\freecodecamp\backend-api-projects\venue-coordinator
11 silly lifecycle venue-coordinator@1.0.0~scss: Args: [ '/d /s /c',
11 silly lifecycle   'node-sass client/main.scss client/main.css -w client/main.scss' ]
12 verbose stack Error: kill ENOSYS
12 verbose stack     at exports._errnoException (util.js:1026:11)
12 verbose stack     at process.kill (internal/process.js:172:13)
12 verbose stack     at process.listener (C:\Program Files\nodejs\node_modules\npm\node_modules\npmlog\node_modules\gauge\node_modules\signal-exit\index.js:86:15)
12 verbose stack     at emitNone (events.js:91:20)
12 verbose stack     at process.emit (events.js:185:7)
12 verbose stack     at processEmit (C:\Program Files\nodejs\node_modules\npm\node_modules\npmlog\node_modules\gauge\node_modules\signal-exit\index.js:146:32)
12 verbose stack     at processEmit (C:\Program Files\nodejs\node_modules\npm\node_modules\npm-registry-client\node_modules\npmlog\node_modules\gauge\node_modules\signal-exit\index.js:146:32)
12 verbose stack     at Signal.wrap.onsignal (internal/process.js:199:44)
13 verbose cwd C:\Users\Zach\webdev\freecodecamp\backend-api-projects\venue-coordinator
14 error Windows_NT 10.0.14393
15 error argv "C:\\Program Files\\nodejs\\node.exe" "C:\\Program Files\\nodejs\\node_modules\\npm\\bin\\npm-cli.js" "run" "scss"
16 error node v6.9.1
17 error npm  v3.10.8
18 error code ENOSYS
19 error errno ENOSYS
20 error syscall kill
21 error kill ENOSYS
22 error If you need help, you may report this error at:
22 error     <https://github.com/npm/npm/issues>
23 verbose exit [ 1, true ]
